{"/Users/richardrieger/Documents/algos/LeetCode/JavaScript/removeDuplicatesFromSortedArray.js": {"path":"/Users/richardrieger/Documents/algos/LeetCode/JavaScript/removeDuplicatesFromSortedArray.js","statementMap":{"0":{"start":{"line":57,"column":11},"end":{"line":57,"column":41}},"1":{"start":{"line":59,"column":23},"end":{"line":71,"column":1}},"2":{"start":{"line":60,"column":2},"end":{"line":62,"column":3}},"3":{"start":{"line":61,"column":4},"end":{"line":61,"column":13}},"4":{"start":{"line":63,"column":17},"end":{"line":63,"column":18}},"5":{"start":{"line":64,"column":2},"end":{"line":69,"column":3}},"6":{"start":{"line":64,"column":22},"end":{"line":64,"column":23}},"7":{"start":{"line":65,"column":4},"end":{"line":68,"column":5}},"8":{"start":{"line":66,"column":6},"end":{"line":66,"column":17}},"9":{"start":{"line":67,"column":6},"end":{"line":67,"column":38}},"10":{"start":{"line":70,"column":2},"end":{"line":70,"column":22}},"11":{"start":{"line":73,"column":0},"end":{"line":73,"column":36}},"12":{"start":{"line":75,"column":0},"end":{"line":75,"column":34}}},"fnMap":{"0":{"name":"(anonymous_0)","decl":{"start":{"line":59,"column":23},"end":{"line":59,"column":24}},"loc":{"start":{"line":59,"column":39},"end":{"line":71,"column":1}},"line":59}},"branchMap":{"0":{"loc":{"start":{"line":60,"column":2},"end":{"line":62,"column":3}},"type":"if","locations":[{"start":{"line":60,"column":2},"end":{"line":62,"column":3}},{"start":{},"end":{}}],"line":60},"1":{"loc":{"start":{"line":65,"column":4},"end":{"line":68,"column":5}},"type":"if","locations":[{"start":{"line":65,"column":4},"end":{"line":68,"column":5}},{"start":{},"end":{}}],"line":65}},"s":{"0":1,"1":1,"2":2,"3":0,"4":2,"5":2,"6":2,"7":19,"8":11,"9":11,"10":2,"11":1,"12":1},"f":{"0":2},"b":{"0":[0,2],"1":[11,8]},"_coverageSchema":"1a1c01bbd47fc00a2c39e90264f33305004495a9","hash":"268ff4928f9a99bd00659330f3e36ea72f445541"}
,"/Users/richardrieger/Documents/algos/LeetCode/JavaScript/removeElement.js": {"path":"/Users/richardrieger/Documents/algos/LeetCode/JavaScript/removeElement.js","statementMap":{"0":{"start":{"line":3,"column":22},"end":{"line":3,"column":47}},"1":{"start":{"line":51,"column":22},"end":{"line":61,"column":1}},"2":{"start":{"line":52,"column":14},"end":{"line":52,"column":25}},"3":{"start":{"line":53,"column":11},"end":{"line":53,"column":12}},"4":{"start":{"line":54,"column":2},"end":{"line":59,"column":3}},"5":{"start":{"line":54,"column":16},"end":{"line":54,"column":17}},"6":{"start":{"line":55,"column":4},"end":{"line":58,"column":5}},"7":{"start":{"line":56,"column":6},"end":{"line":56,"column":26}},"8":{"start":{"line":57,"column":6},"end":{"line":57,"column":11}},"9":{"start":{"line":60,"column":2},"end":{"line":60,"column":12}},"10":{"start":{"line":63,"column":0},"end":{"line":63,"column":44}},"11":{"start":{"line":65,"column":0},"end":{"line":65,"column":31}}},"fnMap":{"0":{"name":"(anonymous_0)","decl":{"start":{"line":51,"column":22},"end":{"line":51,"column":23}},"loc":{"start":{"line":51,"column":37},"end":{"line":61,"column":1}},"line":51}},"branchMap":{"0":{"loc":{"start":{"line":55,"column":4},"end":{"line":58,"column":5}},"type":"if","locations":[{"start":{"line":55,"column":4},"end":{"line":58,"column":5}},{"start":{},"end":{}}],"line":55}},"s":{"0":1,"1":1,"2":2,"3":2,"4":2,"5":2,"6":8,"7":4,"8":4,"9":2,"10":1,"11":1},"f":{"0":2},"b":{"0":[4,4]},"_coverageSchema":"1a1c01bbd47fc00a2c39e90264f33305004495a9","hash":"e3ee21ff7eb9d6448714f19faebac5b9806b29cf"}
,"/Users/richardrieger/Documents/algos/LeetCode/JavaScript/twoSum.js": {"path":"/Users/richardrieger/Documents/algos/LeetCode/JavaScript/twoSum.js","statementMap":{"0":{"start":{"line":20,"column":13},"end":{"line":20,"column":27}},"1":{"start":{"line":22,"column":15},"end":{"line":22,"column":16}},"2":{"start":{"line":26,"column":15},"end":{"line":36,"column":1}},"3":{"start":{"line":27,"column":2},"end":{"line":35,"column":3}},"4":{"start":{"line":27,"column":15},"end":{"line":27,"column":16}},"5":{"start":{"line":28,"column":4},"end":{"line":34,"column":5}},"6":{"start":{"line":28,"column":17},"end":{"line":28,"column":22}},"7":{"start":{"line":29,"column":6},"end":{"line":33,"column":7}},"8":{"start":{"line":30,"column":8},"end":{"line":30,"column":22}},"9":{"start":{"line":32,"column":8},"end":{"line":32,"column":17}},"10":{"start":{"line":40,"column":16},"end":{"line":51,"column":1}},"11":{"start":{"line":41,"column":16},"end":{"line":41,"column":18}},"12":{"start":{"line":42,"column":2},"end":{"line":44,"column":3}},"13":{"start":{"line":42,"column":15},"end":{"line":42,"column":16}},"14":{"start":{"line":43,"column":4},"end":{"line":43,"column":25}},"15":{"start":{"line":45,"column":2},"end":{"line":50,"column":3}},"16":{"start":{"line":45,"column":15},"end":{"line":45,"column":16}},"17":{"start":{"line":46,"column":21},"end":{"line":46,"column":37}},"18":{"start":{"line":47,"column":4},"end":{"line":49,"column":5}},"19":{"start":{"line":48,"column":6},"end":{"line":48,"column":38}},"20":{"start":{"line":55,"column":16},"end":{"line":64,"column":1}},"21":{"start":{"line":56,"column":16},"end":{"line":56,"column":18}},"22":{"start":{"line":57,"column":2},"end":{"line":63,"column":3}},"23":{"start":{"line":57,"column":15},"end":{"line":57,"column":16}},"24":{"start":{"line":58,"column":21},"end":{"line":58,"column":37}},"25":{"start":{"line":59,"column":4},"end":{"line":61,"column":5}},"26":{"start":{"line":60,"column":6},"end":{"line":60,"column":38}},"27":{"start":{"line":62,"column":4},"end":{"line":62,"column":25}},"28":{"start":{"line":68,"column":19},"end":{"line":74,"column":1}},"29":{"start":{"line":69,"column":16},"end":{"line":69,"column":18}},"30":{"start":{"line":70,"column":2},"end":{"line":73,"column":3}},"31":{"start":{"line":71,"column":4},"end":{"line":71,"column":65}},"32":{"start":{"line":71,"column":36},"end":{"line":71,"column":65}},"33":{"start":{"line":72,"column":4},"end":{"line":72,"column":34}},"34":{"start":{"line":76,"column":0},"end":{"line":76,"column":34}},"35":{"start":{"line":80,"column":0},"end":{"line":80,"column":24}},"36":{"start":{"line":81,"column":0},"end":{"line":81,"column":25}},"37":{"start":{"line":82,"column":0},"end":{"line":82,"column":25}},"38":{"start":{"line":83,"column":0},"end":{"line":83,"column":28}}},"fnMap":{"0":{"name":"(anonymous_0)","decl":{"start":{"line":26,"column":15},"end":{"line":26,"column":16}},"loc":{"start":{"line":26,"column":39},"end":{"line":36,"column":1}},"line":26},"1":{"name":"(anonymous_1)","decl":{"start":{"line":40,"column":16},"end":{"line":40,"column":17}},"loc":{"start":{"line":40,"column":34},"end":{"line":51,"column":1}},"line":40},"2":{"name":"(anonymous_2)","decl":{"start":{"line":55,"column":16},"end":{"line":55,"column":17}},"loc":{"start":{"line":55,"column":34},"end":{"line":64,"column":1}},"line":55},"3":{"name":"(anonymous_3)","decl":{"start":{"line":68,"column":19},"end":{"line":68,"column":20}},"loc":{"start":{"line":68,"column":37},"end":{"line":74,"column":1}},"line":68}},"branchMap":{"0":{"loc":{"start":{"line":29,"column":6},"end":{"line":33,"column":7}},"type":"if","locations":[{"start":{"line":29,"column":6},"end":{"line":33,"column":7}},{"start":{"line":31,"column":13},"end":{"line":33,"column":7}}],"line":29},"1":{"loc":{"start":{"line":47,"column":4},"end":{"line":49,"column":5}},"type":"if","locations":[{"start":{"line":47,"column":4},"end":{"line":49,"column":5}},{"start":{},"end":{}}],"line":47},"2":{"loc":{"start":{"line":47,"column":8},"end":{"line":47,"column":56}},"type":"binary-expr","locations":[{"start":{"line":47,"column":8},"end":{"line":47,"column":27}},{"start":{"line":47,"column":31},"end":{"line":47,"column":56}}],"line":47},"3":{"loc":{"start":{"line":59,"column":4},"end":{"line":61,"column":5}},"type":"if","locations":[{"start":{"line":59,"column":4},"end":{"line":61,"column":5}},{"start":{},"end":{}}],"line":59},"4":{"loc":{"start":{"line":71,"column":4},"end":{"line":71,"column":65}},"type":"if","locations":[{"start":{"line":71,"column":4},"end":{"line":71,"column":65}},{"start":{},"end":{}}],"line":71}},"s":{"0":1,"1":1,"2":1,"3":1,"4":1,"5":1,"6":1,"7":1,"8":1,"9":0,"10":1,"11":0,"12":0,"13":0,"14":0,"15":0,"16":0,"17":0,"18":0,"19":0,"20":1,"21":0,"22":0,"23":0,"24":0,"25":0,"26":0,"27":0,"28":1,"29":4,"30":4,"31":8,"32":4,"33":4,"34":1,"35":1,"36":1,"37":1,"38":1},"f":{"0":1,"1":0,"2":0,"3":4},"b":{"0":[1,0],"1":[0,0],"2":[0,0],"3":[0,0],"4":[4,4]},"_coverageSchema":"1a1c01bbd47fc00a2c39e90264f33305004495a9","hash":"e30db95314b1f00d607535140cbfc32e291b51be"}
,"/Users/richardrieger/Documents/algos/LeetCode/JavaScript/validParentheses.js": {"path":"/Users/richardrieger/Documents/algos/LeetCode/JavaScript/validParentheses.js","statementMap":{"0":{"start":{"line":65,"column":10},"end":{"line":65,"column":24}},"1":{"start":{"line":67,"column":16},"end":{"line":86,"column":1}},"2":{"start":{"line":68,"column":2},"end":{"line":70,"column":3}},"3":{"start":{"line":69,"column":4},"end":{"line":69,"column":17}},"4":{"start":{"line":71,"column":19},"end":{"line":71,"column":30}},"5":{"start":{"line":72,"column":14},"end":{"line":72,"column":16}},"6":{"start":{"line":73,"column":18},"end":{"line":77,"column":3}},"7":{"start":{"line":78,"column":2},"end":{"line":84,"column":3}},"8":{"start":{"line":79,"column":4},"end":{"line":83,"column":5}},"9":{"start":{"line":80,"column":6},"end":{"line":80,"column":32}},"10":{"start":{"line":82,"column":6},"end":{"line":82,"column":45}},"11":{"start":{"line":82,"column":32},"end":{"line":82,"column":45}},"12":{"start":{"line":85,"column":2},"end":{"line":85,"column":23}},"13":{"start":{"line":88,"column":0},"end":{"line":88,"column":24}},"14":{"start":{"line":90,"column":0},"end":{"line":90,"column":25}}},"fnMap":{"0":{"name":"(anonymous_0)","decl":{"start":{"line":67,"column":16},"end":{"line":67,"column":17}},"loc":{"start":{"line":67,"column":23},"end":{"line":86,"column":1}},"line":67}},"branchMap":{"0":{"loc":{"start":{"line":68,"column":2},"end":{"line":70,"column":3}},"type":"if","locations":[{"start":{"line":68,"column":2},"end":{"line":70,"column":3}},{"start":{},"end":{}}],"line":68},"1":{"loc":{"start":{"line":79,"column":4},"end":{"line":83,"column":5}},"type":"if","locations":[{"start":{"line":79,"column":4},"end":{"line":83,"column":5}},{"start":{"line":81,"column":11},"end":{"line":83,"column":5}}],"line":79},"2":{"loc":{"start":{"line":82,"column":6},"end":{"line":82,"column":45}},"type":"if","locations":[{"start":{"line":82,"column":6},"end":{"line":82,"column":45}},{"start":{},"end":{}}],"line":82}},"s":{"0":1,"1":1,"2":2,"3":0,"4":2,"5":2,"6":2,"7":2,"8":24,"9":12,"10":12,"11":0,"12":2,"13":1,"14":1},"f":{"0":2},"b":{"0":[0,2],"1":[12,12],"2":[0,12]},"_coverageSchema":"1a1c01bbd47fc00a2c39e90264f33305004495a9","hash":"14df47d063d1ada485d79a1216cb1127a65b56ff"}
}
