TN:
SF:LeetCode/JavaScript/removeDuplicatesFromSortedArray.js
FN:59,(anonymous_0)
FNF:1
FNH:1
FNDA:2,(anonymous_0)
DA:57,1
DA:59,1
DA:60,2
DA:61,0
DA:63,2
DA:64,2
DA:65,19
DA:66,11
DA:67,11
DA:70,2
DA:73,1
DA:75,1
LF:12
LH:11
BRDA:60,0,0,0
BRDA:60,0,1,2
BRDA:65,1,0,11
BRDA:65,1,1,8
BRF:4
BRH:3
end_of_record
TN:
SF:LeetCode/JavaScript/removeElement.js
FN:51,(anonymous_0)
FNF:1
FNH:1
FNDA:2,(anonymous_0)
DA:3,1
DA:51,1
DA:52,2
DA:53,2
DA:54,2
DA:55,8
DA:56,4
DA:57,4
DA:60,2
DA:63,1
DA:65,1
LF:11
LH:11
BRDA:55,0,0,4
BRDA:55,0,1,4
BRF:2
BRH:2
end_of_record
TN:
SF:LeetCode/JavaScript/twoSum.js
FN:26,(anonymous_0)
FN:40,(anonymous_1)
FN:55,(anonymous_2)
FN:68,(anonymous_3)
FNF:4
FNH:2
FNDA:1,(anonymous_0)
FNDA:0,(anonymous_1)
FNDA:0,(anonymous_2)
FNDA:4,(anonymous_3)
DA:20,1
DA:22,1
DA:26,1
DA:27,1
DA:28,1
DA:29,1
DA:30,1
DA:32,0
DA:40,1
DA:41,0
DA:42,0
DA:43,0
DA:45,0
DA:46,0
DA:47,0
DA:48,0
DA:55,1
DA:56,0
DA:57,0
DA:58,0
DA:59,0
DA:60,0
DA:62,0
DA:68,1
DA:69,4
DA:70,4
DA:71,8
DA:72,4
DA:76,1
DA:80,1
DA:81,1
DA:82,1
DA:83,1
LF:33
LH:19
BRDA:29,0,0,1
BRDA:29,0,1,0
BRDA:47,1,0,0
BRDA:47,1,1,0
BRDA:47,2,0,0
BRDA:47,2,1,0
BRDA:59,3,0,0
BRDA:59,3,1,0
BRDA:71,4,0,4
BRDA:71,4,1,4
BRF:10
BRH:3
end_of_record
TN:
SF:LeetCode/JavaScript/validParentheses.js
FN:67,(anonymous_0)
FNF:1
FNH:1
FNDA:2,(anonymous_0)
DA:65,1
DA:67,1
DA:68,2
DA:69,0
DA:71,2
DA:72,2
DA:73,2
DA:78,2
DA:79,24
DA:80,12
DA:82,12
DA:85,2
DA:88,1
DA:90,1
LF:14
LH:13
BRDA:68,0,0,0
BRDA:68,0,1,2
BRDA:79,1,0,12
BRDA:79,1,1,12
BRDA:82,2,0,0
BRDA:82,2,1,12
BRF:6
BRH:4
end_of_record
